<?xml version="1.0" encoding="UTF-8"?>
<!-- Generated by org.testng.reporters.JUnitReportReporter -->
<testsuite hostname="SAIFUDHEENs-MacBook-Air.local" failures="0" tests="5" name="deel_automation.tests.SalaryInsightTests" time="51.450" errors="0" timestamp="2025-06-19T15:16:16 GST" skipped="3">
  <testcase classname="deel_automation.tests.SalaryInsightTests" name="testAccountantInBrazil" time="38.650"/>
  <system-out/>
  <testcase classname="deel_automation.tests.SalaryInsightTests" name="validatefilter" time="12.800"/>
  <system-out/>
  <testcase classname="deel_automation.tests.SalaryInsightTests" name="testSoftwareEngineerInJapan">
    <skipped/>
  </testcase> <!-- testSoftwareEngineerInJapan -->
  <system-out/>
  <testcase classname="deel_automation.tests.SalaryInsightTests" name="testEngineerInCanada">
    <skipped/>
  </testcase> <!-- testEngineerInCanada -->
  <system-out/>
  <testcase classname="deel_automation.tests.SalaryInsightTests" name="validatedropdown">
    <skipped/>
  </testcase> <!-- validatedropdown -->
  <system-out/>
</testsuite> <!-- deel_automation.tests.SalaryInsightTests -->
