<?xml version="1.0" encoding="UTF-8"?>
<!-- Generated by org.testng.reporters.JUnitReportReporter -->
<testsuite hostname="DESKTOP-GVDQQI5" failures="0" tests="3" name="example.tests.SalaryInsightTests" time="108.165" errors="0" timestamp="05 Jun 2025 17:44:48 GMT" skipped="0">
  <testcase classname="example.tests.SalaryInsightTests" name="testAccountantInBrazil" time="38.719"/>
  <testcase classname="example.tests.SalaryInsightTests" name="testRole2InCountry2" time="34.743"/>
  <testcase classname="example.tests.SalaryInsightTests" name="testRole3InCountry3" time="34.703"/>
</testsuite> <!-- example.tests.SalaryInsightTests -->
